app/build/outputs/logs/manifest-merger-debug-report.txt
-- Merging decision tree log ---
manifest
ADDED from src\main\AndroidManifest.xml:2:1-28:12
	package
		ADDED from src\main\AndroidManifest.xml:3:7-52
		INJECTED from src\main\AndroidManifest.xml
		INJECTED from src\main\AndroidManifest.xml
	android:versionName
		ADDED from src\main\AndroidManifest.xml:5:7-32
		INJECTED from src\main\AndroidManifest.xml
		INJECTED from src\main\AndroidManifest.xml
	android:versionCode
		ADDED from src\main\AndroidManifest.xml:4:7-32
		INJECTED from src\main\AndroidManifest.xml
		INJECTED from src\main\AndroidManifest.xml
	xmlns:android
		ADDED from src\main\AndroidManifest.xml:2:11-69
uses-sdk
ADDED from src\main\AndroidManifest.xml:6:5-43
	android:targetSdkVersion
		INJECTED from src\main\AndroidManifest.xml
		INJECTED from src\main\AndroidManifest.xml
	android:minSdkVersion
		ADDED from src\main\AndroidManifest.xml:6:15-40
		INJECTED from src\main\AndroidManifest.xml
		INJECTED from src\main\AndroidManifest.xml
application
ADDED from src\main\AndroidManifest.xml:8:5-25:19
	android:label
		ADDED from src\main\AndroidManifest.xml:8:48-90
	android:icon
		ADDED from src\main\AndroidManifest.xml:8:18-47
	android:theme
		ADDED from src\main\AndroidManifest.xml:9:6-64
	android:name
		ADDED from src\main\AndroidManifest.xml:10:6-37
activity#com.novoda.demos.activitylaunchmode.Standard
ADDED from src\main\AndroidManifest.xml:12:9-17:20
	android:name
		ADDED from src\main\AndroidManifest.xml:12:19-43
intent-filter#android.intent.action.MAIN+android.intent.category.LAUNCHER
ADDED from src\main\AndroidManifest.xml:13:13-16:29
action#android.intent.action.MAIN
ADDED from src\main\AndroidManifest.xml:14:17-69
	android:name
		ADDED from src\main\AndroidManifest.xml:14:25-66
category#android.intent.category.LAUNCHER
ADDED from src\main\AndroidManifest.xml:15:17-77
	android:name
		ADDED from src\main\AndroidManifest.xml:15:27-74
activity#com.novoda.demos.activitylaunchmode.SingleTop
ADDED from src\main\AndroidManifest.xml:19:9-78
	android:launchMode
		ADDED from src\main\AndroidManifest.xml:19:45-75
	android:name
		ADDED from src\main\AndroidManifest.xml:19:19-44
activity#com.novoda.demos.activitylaunchmode.SingleTask
ADDED from src\main\AndroidManifest.xml:21:9-104
	android:launchMode
		ADDED from src\main\AndroidManifest.xml:21:46-77
	android:taskAffinity
		ADDED from src\main\AndroidManifest.xml:21:78-101
	android:name
		ADDED from src\main\AndroidManifest.xml:21:19-45
activity#com.novoda.demos.activitylaunchmode.SingleInstance
ADDED from src\main\AndroidManifest.xml:23:9-88
	android:launchMode
		ADDED from src\main\AndroidManifest.xml:23:50-85
	android:name
		ADDED from src\main\AndroidManifest.xml:23:19-49
uses-permission#android.permission.GET_TASKS
ADDED from src\main\AndroidManifest.xml:27:5-67
	android:name
		ADDED from src\main\AndroidManifest.xml:27:22-65